<?xml version="1.0" encoding="UTF-8"?>
<testsuite name="com.cosmoscode.book.springboot.web.PostsApiControllerTest" tests="2" skipped="0" failures="0" errors="0" timestamp="2022-12-10T15:54:50" hostname="moosekissui-MacBookPro.local" time="0.242">
  <properties/>
  <testcase name="Posts_등록된다()" classname="com.cosmoscode.book.springboot.web.PostsApiControllerTest" time="0.21"/>
  <testcase name="Posts_수정된다()" classname="com.cosmoscode.book.springboot.web.PostsApiControllerTest" time="0.031"/>
  <system-out><![CDATA[2022-12-11 00:54:50.679  INFO 41967 --- [    Test worker] .b.t.c.SpringBootTestContextBootstrapper : Neither @ContextConfiguration nor @ContextHierarchy found for test class [com.cosmoscode.book.springboot.web.PostsApiControllerTest], using SpringBootContextLoader
2022-12-11 00:54:50.681  INFO 41967 --- [    Test worker] o.s.t.c.support.AbstractContextLoader    : Could not detect default resource locations for test class [com.cosmoscode.book.springboot.web.PostsApiControllerTest]: no resource found for suffixes {-context.xml, Context.groovy}.
2022-12-11 00:54:50.681  INFO 41967 --- [    Test worker] t.c.s.AnnotationConfigContextLoaderUtils : Could not detect default configuration classes for test class [com.cosmoscode.book.springboot.web.PostsApiControllerTest]: PostsApiControllerTest does not declare any static, non-private, non-final, nested classes annotated with @Configuration.
2022-12-11 00:54:50.684  INFO 41967 --- [    Test worker] .b.t.c.SpringBootTestContextBootstrapper : Found @SpringBootConfiguration com.cosmoscode.book.springboot.Application for test class com.cosmoscode.book.springboot.web.PostsApiControllerTest
2022-12-11 00:54:50.686  INFO 41967 --- [    Test worker] .b.t.c.SpringBootTestContextBootstrapper : Loaded default TestExecutionListener class names from location [META-INF/spring.factories]: [org.springframework.security.test.context.support.WithSecurityContextTestExecutionListener, org.springframework.security.test.context.support.ReactorContextTestExecutionListener, org.springframework.boot.test.autoconfigure.restdocs.RestDocsTestExecutionListener, org.springframework.boot.test.autoconfigure.web.client.MockRestServiceServerResetTestExecutionListener, org.springframework.boot.test.autoconfigure.web.servlet.MockMvcPrintOnlyOnFailureTestExecutionListener, org.springframework.boot.test.autoconfigure.web.servlet.WebDriverTestExecutionListener, org.springframework.boot.test.autoconfigure.webservices.client.MockWebServiceServerTestExecutionListener, org.springframework.boot.test.mock.mockito.MockitoTestExecutionListener, org.springframework.boot.test.mock.mockito.ResetMocksTestExecutionListener, org.springframework.test.context.web.ServletTestExecutionListener, org.springframework.test.context.support.DirtiesContextBeforeModesTestExecutionListener, org.springframework.test.context.support.DependencyInjectionTestExecutionListener, org.springframework.test.context.support.DirtiesContextTestExecutionListener, org.springframework.test.context.transaction.TransactionalTestExecutionListener, org.springframework.test.context.jdbc.SqlScriptsTestExecutionListener, org.springframework.test.context.event.EventPublishingTestExecutionListener]
2022-12-11 00:54:50.687  INFO 41967 --- [    Test worker] .b.t.c.SpringBootTestContextBootstrapper : Using TestExecutionListeners: [org.springframework.test.context.web.ServletTestExecutionListener@7ccadcf5, org.springframework.test.context.support.DirtiesContextBeforeModesTestExecutionListener@59040b2e, org.springframework.boot.test.mock.mockito.MockitoTestExecutionListener@8890be0, org.springframework.boot.test.autoconfigure.SpringBootDependencyInjectionTestExecutionListener@493326a2, org.springframework.test.context.support.DirtiesContextTestExecutionListener@63347605, org.springframework.test.context.transaction.TransactionalTestExecutionListener@1a905c36, org.springframework.test.context.jdbc.SqlScriptsTestExecutionListener@5a86928f, org.springframework.security.test.context.support.WithSecurityContextTestExecutionListener@a50a94b, org.springframework.test.context.event.EventPublishingTestExecutionListener@4a14625a, org.springframework.security.test.context.support.ReactorContextTestExecutionListener@527df6c2, org.springframework.boot.test.autoconfigure.restdocs.RestDocsTestExecutionListener@3c0104e8, org.springframework.boot.test.autoconfigure.web.client.MockRestServiceServerResetTestExecutionListener@3314e8d2, org.springframework.boot.test.autoconfigure.web.servlet.MockMvcPrintOnlyOnFailureTestExecutionListener@5afb5a58, org.springframework.boot.test.autoconfigure.web.servlet.WebDriverTestExecutionListener@678d6c23, org.springframework.boot.test.autoconfigure.webservices.client.MockWebServiceServerTestExecutionListener@539f027e, org.springframework.boot.test.mock.mockito.ResetMocksTestExecutionListener@475922a7]
2022-12-11 00:54:50.698  INFO 41967 --- [    Test worker] o.a.c.c.C.[Tomcat].[localhost].[/]       : Initializing Spring TestDispatcherServlet ''
2022-12-11 00:54:50.698  INFO 41967 --- [    Test worker] o.s.t.web.servlet.TestDispatcherServlet  : Initializing Servlet ''
2022-12-11 00:54:50.699  INFO 41967 --- [    Test worker] o.s.t.web.servlet.TestDispatcherServlet  : Completed initialization in 1 ms
Hibernate: insert into posts (created_date, modified_date, author, content, title) values (?, ?, ?, ?, ?)
Hibernate: select posts0_.id as id1_0_, posts0_.created_date as created_2_0_, posts0_.modified_date as modified3_0_, posts0_.author as author4_0_, posts0_.content as content5_0_, posts0_.title as title6_0_ from posts posts0_
Hibernate: select posts0_.id as id1_0_, posts0_.created_date as created_2_0_, posts0_.modified_date as modified3_0_, posts0_.author as author4_0_, posts0_.content as content5_0_, posts0_.title as title6_0_ from posts posts0_
Hibernate: delete from posts where id=?
2022-12-11 00:54:50.905  INFO 41967 --- [    Test worker] o.a.c.c.C.[Tomcat].[localhost].[/]       : Initializing Spring TestDispatcherServlet ''
2022-12-11 00:54:50.905  INFO 41967 --- [    Test worker] o.s.t.web.servlet.TestDispatcherServlet  : Initializing Servlet ''
2022-12-11 00:54:50.906  INFO 41967 --- [    Test worker] o.s.t.web.servlet.TestDispatcherServlet  : Completed initialization in 1 ms
Hibernate: insert into posts (created_date, modified_date, author, content, title) values (?, ?, ?, ?, ?)
Hibernate: select posts0_.id as id1_0_0_, posts0_.created_date as created_2_0_0_, posts0_.modified_date as modified3_0_0_, posts0_.author as author4_0_0_, posts0_.content as content5_0_0_, posts0_.title as title6_0_0_ from posts posts0_ where posts0_.id=?
Hibernate: update posts set created_date=?, modified_date=?, author=?, content=?, title=? where id=?
Hibernate: select posts0_.id as id1_0_, posts0_.created_date as created_2_0_, posts0_.modified_date as modified3_0_, posts0_.author as author4_0_, posts0_.content as content5_0_, posts0_.title as title6_0_ from posts posts0_
Hibernate: select posts0_.id as id1_0_, posts0_.created_date as created_2_0_, posts0_.modified_date as modified3_0_, posts0_.author as author4_0_, posts0_.content as content5_0_, posts0_.title as title6_0_ from posts posts0_
Hibernate: delete from posts where id=?
]]></system-out>
  <system-err><![CDATA[]]></system-err>
</testsuite>
