<?xml version="1.0" encoding="UTF-8"?>
<testsuite name="com.cosmoscode.book.springboot.web.HelloControllerTest" tests="2" skipped="0" failures="0" errors="0" timestamp="2022-12-10T15:54:45" hostname="moosekissui-MacBookPro.local" time="0.444">
  <properties/>
  <testcase name="hello가_리턴된다()" classname="com.cosmoscode.book.springboot.web.HelloControllerTest" time="0.364"/>
  <testcase name="helloDto가_리턴된다()" classname="com.cosmoscode.book.springboot.web.HelloControllerTest" time="0.078"/>
  <system-out><![CDATA[00:54:42.288 [Test worker] DEBUG org.springframework.test.context.BootstrapUtils - Instantiating CacheAwareContextLoaderDelegate from class [org.springframework.test.context.cache.DefaultCacheAwareContextLoaderDelegate]
00:54:42.301 [Test worker] DEBUG org.springframework.test.context.BootstrapUtils - Instantiating BootstrapContext using constructor [public org.springframework.test.context.support.DefaultBootstrapContext(java.lang.Class,org.springframework.test.context.CacheAwareContextLoaderDelegate)]
00:54:42.337 [Test worker] DEBUG org.springframework.test.context.BootstrapUtils - Instantiating TestContextBootstrapper for test class [com.cosmoscode.book.springboot.web.HelloControllerTest] from class [org.springframework.boot.test.autoconfigure.web.servlet.WebMvcTestContextBootstrapper]
00:54:42.354 [Test worker] INFO org.springframework.boot.test.autoconfigure.web.servlet.WebMvcTestContextBootstrapper - Neither @ContextConfiguration nor @ContextHierarchy found for test class [com.cosmoscode.book.springboot.web.HelloControllerTest], using SpringBootContextLoader
00:54:42.358 [Test worker] DEBUG org.springframework.test.context.support.AbstractContextLoader - Did not detect default resource location for test class [com.cosmoscode.book.springboot.web.HelloControllerTest]: class path resource [com/cosmoscode/book/springboot/web/HelloControllerTest-context.xml] does not exist
00:54:42.359 [Test worker] DEBUG org.springframework.test.context.support.AbstractContextLoader - Did not detect default resource location for test class [com.cosmoscode.book.springboot.web.HelloControllerTest]: class path resource [com/cosmoscode/book/springboot/web/HelloControllerTestContext.groovy] does not exist
00:54:42.359 [Test worker] INFO org.springframework.test.context.support.AbstractContextLoader - Could not detect default resource locations for test class [com.cosmoscode.book.springboot.web.HelloControllerTest]: no resource found for suffixes {-context.xml, Context.groovy}.
00:54:42.360 [Test worker] INFO org.springframework.test.context.support.AnnotationConfigContextLoaderUtils - Could not detect default configuration classes for test class [com.cosmoscode.book.springboot.web.HelloControllerTest]: HelloControllerTest does not declare any static, non-private, non-final, nested classes annotated with @Configuration.
00:54:42.438 [Test worker] DEBUG org.springframework.test.context.support.ActiveProfilesUtils - Could not find an 'annotation declaring class' for annotation type [org.springframework.test.context.ActiveProfiles] and class [com.cosmoscode.book.springboot.web.HelloControllerTest]
00:54:42.505 [Test worker] DEBUG org.springframework.context.annotation.ClassPathScanningCandidateComponentProvider - Identified candidate component class: file [/Users/moosekiss/Desktop/workspace/cosmoscode-webservice/build/classes/java/main/com/cosmoscode/book/springboot/Application.class]
00:54:42.506 [Test worker] INFO org.springframework.boot.test.context.SpringBootTestContextBootstrapper - Found @SpringBootConfiguration com.cosmoscode.book.springboot.Application for test class com.cosmoscode.book.springboot.web.HelloControllerTest
00:54:42.508 [Test worker] DEBUG org.springframework.boot.test.autoconfigure.web.servlet.WebMvcTestContextBootstrapper - @TestExecutionListeners is not present for class [com.cosmoscode.book.springboot.web.HelloControllerTest]: using defaults.
00:54:42.509 [Test worker] INFO org.springframework.boot.test.autoconfigure.web.servlet.WebMvcTestContextBootstrapper - Loaded default TestExecutionListener class names from location [META-INF/spring.factories]: [org.springframework.security.test.context.support.WithSecurityContextTestExecutionListener, org.springframework.security.test.context.support.ReactorContextTestExecutionListener, org.springframework.boot.test.autoconfigure.restdocs.RestDocsTestExecutionListener, org.springframework.boot.test.autoconfigure.web.client.MockRestServiceServerResetTestExecutionListener, org.springframework.boot.test.autoconfigure.web.servlet.MockMvcPrintOnlyOnFailureTestExecutionListener, org.springframework.boot.test.autoconfigure.web.servlet.WebDriverTestExecutionListener, org.springframework.boot.test.autoconfigure.webservices.client.MockWebServiceServerTestExecutionListener, org.springframework.boot.test.mock.mockito.MockitoTestExecutionListener, org.springframework.boot.test.mock.mockito.ResetMocksTestExecutionListener, org.springframework.test.context.web.ServletTestExecutionListener, org.springframework.test.context.support.DirtiesContextBeforeModesTestExecutionListener, org.springframework.test.context.support.DependencyInjectionTestExecutionListener, org.springframework.test.context.support.DirtiesContextTestExecutionListener, org.springframework.test.context.transaction.TransactionalTestExecutionListener, org.springframework.test.context.jdbc.SqlScriptsTestExecutionListener, org.springframework.test.context.event.EventPublishingTestExecutionListener]
00:54:42.538 [Test worker] INFO org.springframework.boot.test.autoconfigure.web.servlet.WebMvcTestContextBootstrapper - Using TestExecutionListeners: [org.springframework.test.context.web.ServletTestExecutionListener@1925b108, org.springframework.test.context.support.DirtiesContextBeforeModesTestExecutionListener@e49a4d8, org.springframework.boot.test.mock.mockito.MockitoTestExecutionListener@237b75be, org.springframework.boot.test.autoconfigure.SpringBootDependencyInjectionTestExecutionListener@1ca67893, org.springframework.test.context.support.DirtiesContextTestExecutionListener@28bf27fe, org.springframework.test.context.transaction.TransactionalTestExecutionListener@6b933955, org.springframework.test.context.jdbc.SqlScriptsTestExecutionListener@133d771c, org.springframework.security.test.context.support.WithSecurityContextTestExecutionListener@3c70e708, org.springframework.test.context.event.EventPublishingTestExecutionListener@6da1a7af, org.springframework.security.test.context.support.ReactorContextTestExecutionListener@1f8a72df, org.springframework.boot.test.autoconfigure.restdocs.RestDocsTestExecutionListener@677773a5, org.springframework.boot.test.autoconfigure.web.client.MockRestServiceServerResetTestExecutionListener@5c0480e4, org.springframework.boot.test.autoconfigure.web.servlet.MockMvcPrintOnlyOnFailureTestExecutionListener@3c78d814, org.springframework.boot.test.autoconfigure.web.servlet.WebDriverTestExecutionListener@70a849ce, org.springframework.boot.test.autoconfigure.webservices.client.MockWebServiceServerTestExecutionListener@2c1ee625, org.springframework.boot.test.mock.mockito.ResetMocksTestExecutionListener@54e550e2]
00:54:42.542 [Test worker] DEBUG org.springframework.test.context.support.AbstractDirtiesContextTestExecutionListener - Before test class: context [DefaultTestContext@37e84365 testClass = HelloControllerTest, testInstance = [null], testMethod = [null], testException = [null], mergedContextConfiguration = [WebMergedContextConfiguration@459f81c6 testClass = HelloControllerTest, locations = '{}', classes = '{class com.cosmoscode.book.springboot.Application}', contextInitializerClasses = '[]', activeProfiles = '{}', propertySourceLocations = '{}', propertySourceProperties = '{org.springframework.boot.test.autoconfigure.web.servlet.WebMvcTestContextBootstrapper=true}', contextCustomizers = set[org.springframework.boot.test.autoconfigure.OverrideAutoConfigurationContextCustomizerFactory$DisableAutoConfigurationContextCustomizer@5cf78948, org.springframework.boot.test.autoconfigure.actuate.metrics.MetricsExportContextCustomizerFactory$DisableMetricExportContextCustomizer@52c25d87, org.springframework.boot.test.autoconfigure.filter.TypeExcludeFiltersContextCustomizer@18e90722, org.springframework.boot.test.autoconfigure.properties.PropertyMappingContextCustomizer@d659e991, org.springframework.boot.test.autoconfigure.web.servlet.WebDriverContextCustomizerFactory$Customizer@44e52deb, [ImportsContextCustomizer@f02dc21 key = [org.springframework.boot.autoconfigure.cache.CacheAutoConfiguration, org.springframework.boot.autoconfigure.context.MessageSourceAutoConfiguration, org.springframework.boot.autoconfigure.data.web.SpringDataWebAutoConfiguration, org.springframework.boot.autoconfigure.freemarker.FreeMarkerAutoConfiguration, org.springframework.boot.autoconfigure.groovy.template.GroovyTemplateAutoConfiguration, org.springframework.boot.autoconfigure.gson.GsonAutoConfiguration, org.springframework.boot.autoconfigure.hateoas.HypermediaAutoConfiguration, org.springframework.boot.autoconfigure.http.HttpMessageConvertersAutoConfiguration, org.springframework.boot.autoconfigure.jackson.JacksonAutoConfiguration, org.springframework.boot.autoconfigure.jsonb.JsonbAutoConfiguration, org.springframework.boot.autoconfigure.mustache.MustacheAutoConfiguration, org.springframework.boot.autoconfigure.task.TaskExecutionAutoConfiguration, org.springframework.boot.autoconfigure.thymeleaf.ThymeleafAutoConfiguration, org.springframework.boot.autoconfigure.validation.ValidationAutoConfiguration, org.springframework.boot.autoconfigure.web.servlet.error.ErrorMvcAutoConfiguration, org.springframework.boot.autoconfigure.web.servlet.HttpEncodingAutoConfiguration, org.springframework.boot.autoconfigure.web.servlet.WebMvcAutoConfiguration, org.springframework.boot.test.autoconfigure.web.servlet.MockMvcAutoConfiguration, org.springframework.boot.test.autoconfigure.web.servlet.MockMvcWebClientAutoConfiguration, org.springframework.boot.test.autoconfigure.web.servlet.MockMvcWebDriverAutoConfiguration, org.springframework.boot.autoconfigure.security.oauth2.client.servlet.OAuth2ClientAutoConfiguration, org.springframework.boot.autoconfigure.security.oauth2.resource.servlet.OAuth2ResourceServerAutoConfiguration, org.springframework.boot.autoconfigure.security.servlet.SecurityAutoConfiguration, org.springframework.boot.autoconfigure.security.servlet.SecurityFilterAutoConfiguration, org.springframework.boot.autoconfigure.security.servlet.UserDetailsServiceAutoConfiguration, org.springframework.boot.test.autoconfigure.web.servlet.MockMvcSecurityConfiguration]], org.springframework.boot.test.context.filter.ExcludeFilterContextCustomizer@176b04cc, org.springframework.boot.test.json.DuplicateJsonObjectContextCustomizerFactory$DuplicateJsonObjectContextCustomizer@74c086a3, org.springframework.boot.test.mock.mockito.MockitoContextCustomizer@0, org.springframework.boot.test.context.SpringBootTestArgs@1, org.springframework.boot.test.context.SpringBootTestWebEnvironment@0], resourceBasePath = 'src/main/webapp', contextLoader = 'org.springframework.boot.test.context.SpringBootContextLoader', parent = [null]], attributes = map[[empty]]], class annotated with @DirtiesContext [false] with mode [null].
00:54:42.555 [Test worker] DEBUG org.springframework.test.context.support.DependencyInjectionTestExecutionListener - Performing dependency injection for test context [[DefaultTestContext@37e84365 testClass = HelloControllerTest, testInstance = com.cosmoscode.book.springboot.web.HelloControllerTest@b443708, testMethod = [null], testException = [null], mergedContextConfiguration = [WebMergedContextConfiguration@459f81c6 testClass = HelloControllerTest, locations = '{}', classes = '{class com.cosmoscode.book.springboot.Application}', contextInitializerClasses = '[]', activeProfiles = '{}', propertySourceLocations = '{}', propertySourceProperties = '{org.springframework.boot.test.autoconfigure.web.servlet.WebMvcTestContextBootstrapper=true}', contextCustomizers = set[org.springframework.boot.test.autoconfigure.OverrideAutoConfigurationContextCustomizerFactory$DisableAutoConfigurationContextCustomizer@5cf78948, org.springframework.boot.test.autoconfigure.actuate.metrics.MetricsExportContextCustomizerFactory$DisableMetricExportContextCustomizer@52c25d87, org.springframework.boot.test.autoconfigure.filter.TypeExcludeFiltersContextCustomizer@18e90722, org.springframework.boot.test.autoconfigure.properties.PropertyMappingContextCustomizer@d659e991, org.springframework.boot.test.autoconfigure.web.servlet.WebDriverContextCustomizerFactory$Customizer@44e52deb, [ImportsContextCustomizer@f02dc21 key = [org.springframework.boot.autoconfigure.cache.CacheAutoConfiguration, org.springframework.boot.autoconfigure.context.MessageSourceAutoConfiguration, org.springframework.boot.autoconfigure.data.web.SpringDataWebAutoConfiguration, org.springframework.boot.autoconfigure.freemarker.FreeMarkerAutoConfiguration, org.springframework.boot.autoconfigure.groovy.template.GroovyTemplateAutoConfiguration, org.springframework.boot.autoconfigure.gson.GsonAutoConfiguration, org.springframework.boot.autoconfigure.hateoas.HypermediaAutoConfiguration, org.springframework.boot.autoconfigure.http.HttpMessageConvertersAutoConfiguration, org.springframework.boot.autoconfigure.jackson.JacksonAutoConfiguration, org.springframework.boot.autoconfigure.jsonb.JsonbAutoConfiguration, org.springframework.boot.autoconfigure.mustache.MustacheAutoConfiguration, org.springframework.boot.autoconfigure.task.TaskExecutionAutoConfiguration, org.springframework.boot.autoconfigure.thymeleaf.ThymeleafAutoConfiguration, org.springframework.boot.autoconfigure.validation.ValidationAutoConfiguration, org.springframework.boot.autoconfigure.web.servlet.error.ErrorMvcAutoConfiguration, org.springframework.boot.autoconfigure.web.servlet.HttpEncodingAutoConfiguration, org.springframework.boot.autoconfigure.web.servlet.WebMvcAutoConfiguration, org.springframework.boot.test.autoconfigure.web.servlet.MockMvcAutoConfiguration, org.springframework.boot.test.autoconfigure.web.servlet.MockMvcWebClientAutoConfiguration, org.springframework.boot.test.autoconfigure.web.servlet.MockMvcWebDriverAutoConfiguration, org.springframework.boot.autoconfigure.security.oauth2.client.servlet.OAuth2ClientAutoConfiguration, org.springframework.boot.autoconfigure.security.oauth2.resource.servlet.OAuth2ResourceServerAutoConfiguration, org.springframework.boot.autoconfigure.security.servlet.SecurityAutoConfiguration, org.springframework.boot.autoconfigure.security.servlet.SecurityFilterAutoConfiguration, org.springframework.boot.autoconfigure.security.servlet.UserDetailsServiceAutoConfiguration, org.springframework.boot.test.autoconfigure.web.servlet.MockMvcSecurityConfiguration]], org.springframework.boot.test.context.filter.ExcludeFilterContextCustomizer@176b04cc, org.springframework.boot.test.json.DuplicateJsonObjectContextCustomizerFactory$DuplicateJsonObjectContextCustomizer@74c086a3, org.springframework.boot.test.mock.mockito.MockitoContextCustomizer@0, org.springframework.boot.test.context.SpringBootTestArgs@1, org.springframework.boot.test.context.SpringBootTestWebEnvironment@0], resourceBasePath = 'src/main/webapp', contextLoader = 'org.springframework.boot.test.context.SpringBootContextLoader', parent = [null]], attributes = map[[empty]]]].
00:54:42.582 [Test worker] DEBUG org.springframework.test.context.support.TestPropertySourceUtils - Adding inlined properties to environment: {spring.jmx.enabled=false, org.springframework.boot.test.autoconfigure.web.servlet.WebMvcTestContextBootstrapper=true}

  .   ____          _            __ _ _
 /\\ / ___'_ __ _ _(_)_ __  __ _ \ \ \ \
( ( )\___ | '_ | '_| | '_ \/ _` | \ \ \ \
 \\/  ___)| |_)| | | | | || (_| |  ) ) ) )
  '  |____| .__|_| |_|_| |_\__, | / / / /
 =========|_|==============|___/=/_/_/_/
 :: Spring Boot ::                (v2.4.1)

2022-12-11 00:54:43.190  INFO 41967 --- [    Test worker] c.c.b.s.web.HelloControllerTest          : Starting HelloControllerTest using Java 1.8.0_322 on moosekissui-MacBookPro.local with PID 41967 (started by moosekiss in /Users/moosekiss/Desktop/workspace/cosmoscode-webservice)
2022-12-11 00:54:43.191  INFO 41967 --- [    Test worker] c.c.b.s.web.HelloControllerTest          : The following profiles are active: oauth
2022-12-11 00:54:44.418  INFO 41967 --- [    Test worker] o.s.s.concurrent.ThreadPoolTaskExecutor  : Initializing ExecutorService 'applicationTaskExecutor'
2022-12-11 00:54:44.528  INFO 41967 --- [    Test worker] o.s.b.a.w.s.WelcomePageHandlerMapping    : Adding welcome page template: index
2022-12-11 00:54:45.101  INFO 41967 --- [    Test worker] o.s.s.web.DefaultSecurityFilterChain     : Will secure any request with [org.springframework.security.web.context.request.async.WebAsyncManagerIntegrationFilter@3bbf69c0, org.springframework.security.web.context.SecurityContextPersistenceFilter@7fba23b7, org.springframework.security.web.header.HeaderWriterFilter@68b87ddd, org.springframework.security.web.csrf.CsrfFilter@1ad9a370, org.springframework.security.web.authentication.logout.LogoutFilter@5a781a5, org.springframework.security.oauth2.client.web.OAuth2AuthorizationRequestRedirectFilter@4ec991f8, org.springframework.security.oauth2.client.web.OAuth2AuthorizationRequestRedirectFilter@4c6529f0, org.springframework.security.oauth2.client.web.OAuth2LoginAuthenticationFilter@5d2bf4e0, org.springframework.security.web.authentication.ui.DefaultLoginPageGeneratingFilter@4a9d84c8, org.springframework.security.web.authentication.ui.DefaultLogoutPageGeneratingFilter@3c977211, org.springframework.security.web.savedrequest.RequestCacheAwareFilter@59989217, org.springframework.security.web.servletapi.SecurityContextHolderAwareRequestFilter@7ebdd2b9, org.springframework.security.web.authentication.AnonymousAuthenticationFilter@60423921, org.springframework.security.oauth2.client.web.OAuth2AuthorizationCodeGrantFilter@4fe26d77, org.springframework.security.web.session.SessionManagementFilter@29d0c104, org.springframework.security.web.access.ExceptionTranslationFilter@6aef92ce, org.springframework.security.web.access.intercept.FilterSecurityInterceptor@1f3535ea]
2022-12-11 00:54:45.215  INFO 41967 --- [    Test worker] o.s.b.t.m.w.SpringBootMockServletContext : Initializing Spring TestDispatcherServlet ''
2022-12-11 00:54:45.215  INFO 41967 --- [    Test worker] o.s.t.web.servlet.TestDispatcherServlet  : Initializing Servlet ''
2022-12-11 00:54:45.217  INFO 41967 --- [    Test worker] o.s.t.web.servlet.TestDispatcherServlet  : Completed initialization in 2 ms
2022-12-11 00:54:45.252  INFO 41967 --- [    Test worker] c.c.b.s.web.HelloControllerTest          : Started HelloControllerTest in 2.661 seconds (JVM running for 3.786)
]]></system-out>
  <system-err><![CDATA[]]></system-err>
</testsuite>
