<?xml version="1.0" encoding="UTF-8"?>
<testsuite name="com.cosmoscode.book.springboot.domain.posts.PostsRepositoryTest" tests="2" skipped="0" failures="0" errors="0" timestamp="2022-12-10T15:54:50" hostname="moosekissui-MacBookPro.local" time="0.028">
  <properties/>
  <testcase name="게시글저장_불러오기()" classname="com.cosmoscode.book.springboot.domain.posts.PostsRepositoryTest" time="0.012"/>
  <testcase name="BaseTimeEntity_등록()" classname="com.cosmoscode.book.springboot.domain.posts.PostsRepositoryTest" time="0.015"/>
  <system-out><![CDATA[2022-12-11 00:54:50.936  INFO 41967 --- [    Test worker] .b.t.c.SpringBootTestContextBootstrapper : Neither @ContextConfiguration nor @ContextHierarchy found for test class [com.cosmoscode.book.springboot.domain.posts.PostsRepositoryTest], using SpringBootContextLoader
2022-12-11 00:54:50.937  INFO 41967 --- [    Test worker] o.s.t.c.support.AbstractContextLoader    : Could not detect default resource locations for test class [com.cosmoscode.book.springboot.domain.posts.PostsRepositoryTest]: no resource found for suffixes {-context.xml, Context.groovy}.
2022-12-11 00:54:50.937  INFO 41967 --- [    Test worker] t.c.s.AnnotationConfigContextLoaderUtils : Could not detect default configuration classes for test class [com.cosmoscode.book.springboot.domain.posts.PostsRepositoryTest]: PostsRepositoryTest does not declare any static, non-private, non-final, nested classes annotated with @Configuration.
2022-12-11 00:54:50.944  INFO 41967 --- [    Test worker] .b.t.c.SpringBootTestContextBootstrapper : Found @SpringBootConfiguration com.cosmoscode.book.springboot.Application for test class com.cosmoscode.book.springboot.domain.posts.PostsRepositoryTest
2022-12-11 00:54:50.945  INFO 41967 --- [    Test worker] .b.t.c.SpringBootTestContextBootstrapper : Loaded default TestExecutionListener class names from location [META-INF/spring.factories]: [org.springframework.security.test.context.support.WithSecurityContextTestExecutionListener, org.springframework.security.test.context.support.ReactorContextTestExecutionListener, org.springframework.boot.test.autoconfigure.restdocs.RestDocsTestExecutionListener, org.springframework.boot.test.autoconfigure.web.client.MockRestServiceServerResetTestExecutionListener, org.springframework.boot.test.autoconfigure.web.servlet.MockMvcPrintOnlyOnFailureTestExecutionListener, org.springframework.boot.test.autoconfigure.web.servlet.WebDriverTestExecutionListener, org.springframework.boot.test.autoconfigure.webservices.client.MockWebServiceServerTestExecutionListener, org.springframework.boot.test.mock.mockito.MockitoTestExecutionListener, org.springframework.boot.test.mock.mockito.ResetMocksTestExecutionListener, org.springframework.test.context.web.ServletTestExecutionListener, org.springframework.test.context.support.DirtiesContextBeforeModesTestExecutionListener, org.springframework.test.context.support.DependencyInjectionTestExecutionListener, org.springframework.test.context.support.DirtiesContextTestExecutionListener, org.springframework.test.context.transaction.TransactionalTestExecutionListener, org.springframework.test.context.jdbc.SqlScriptsTestExecutionListener, org.springframework.test.context.event.EventPublishingTestExecutionListener]
2022-12-11 00:54:50.947  INFO 41967 --- [    Test worker] .b.t.c.SpringBootTestContextBootstrapper : Using TestExecutionListeners: [org.springframework.test.context.web.ServletTestExecutionListener@709c4e0b, org.springframework.test.context.support.DirtiesContextBeforeModesTestExecutionListener@7cde7304, org.springframework.boot.test.mock.mockito.MockitoTestExecutionListener@12025ea0, org.springframework.boot.test.autoconfigure.SpringBootDependencyInjectionTestExecutionListener@7ad833ac, org.springframework.test.context.support.DirtiesContextTestExecutionListener@68a6d6ea, org.springframework.test.context.transaction.TransactionalTestExecutionListener@67efcea9, org.springframework.test.context.jdbc.SqlScriptsTestExecutionListener@67986baa, org.springframework.security.test.context.support.WithSecurityContextTestExecutionListener@5ce661a6, org.springframework.test.context.event.EventPublishingTestExecutionListener@2a9ed56, org.springframework.security.test.context.support.ReactorContextTestExecutionListener@1b2ae12c, org.springframework.boot.test.autoconfigure.restdocs.RestDocsTestExecutionListener@3fcb0cd8, org.springframework.boot.test.autoconfigure.web.client.MockRestServiceServerResetTestExecutionListener@50cfa1d6, org.springframework.boot.test.autoconfigure.web.servlet.MockMvcPrintOnlyOnFailureTestExecutionListener@1dc135c4, org.springframework.boot.test.autoconfigure.web.servlet.WebDriverTestExecutionListener@512e84d1, org.springframework.boot.test.autoconfigure.webservices.client.MockWebServiceServerTestExecutionListener@3664efe0, org.springframework.boot.test.mock.mockito.ResetMocksTestExecutionListener@1b8829eb]
Hibernate: insert into posts (created_date, modified_date, author, content, title) values (?, ?, ?, ?, ?)
Hibernate: select posts0_.id as id1_0_, posts0_.created_date as created_2_0_, posts0_.modified_date as modified3_0_, posts0_.author as author4_0_, posts0_.content as content5_0_, posts0_.title as title6_0_ from posts posts0_
Hibernate: select posts0_.id as id1_0_, posts0_.created_date as created_2_0_, posts0_.modified_date as modified3_0_, posts0_.author as author4_0_, posts0_.content as content5_0_, posts0_.title as title6_0_ from posts posts0_
Hibernate: delete from posts where id=?
Hibernate: insert into posts (created_date, modified_date, author, content, title) values (?, ?, ?, ?, ?)
Hibernate: select posts0_.id as id1_0_, posts0_.created_date as created_2_0_, posts0_.modified_date as modified3_0_, posts0_.author as author4_0_, posts0_.content as content5_0_, posts0_.title as title6_0_ from posts posts0_
>>>>>>>>> createDate=2022-12-11T00:54:50.963, modifiedDate = 2022-12-11T00:54:50.963
Hibernate: select posts0_.id as id1_0_, posts0_.created_date as created_2_0_, posts0_.modified_date as modified3_0_, posts0_.author as author4_0_, posts0_.content as content5_0_, posts0_.title as title6_0_ from posts posts0_
Hibernate: delete from posts where id=?
]]></system-out>
  <system-err><![CDATA[]]></system-err>
</testsuite>
